Got a core dump in the queryable state tests:


{code}
Running org.apache.flink.queryablestate.state.ImmutableListStateTest
Tests run: 2, Failures: 0, Errors: 0, Skipped: 0, Time elapsed: 0.076 sec - in org.apache.flink.queryablestate.state.ImmutableListStateTest
Running org.apache.flink.queryablestate.network.KvStateServerTest
Running org.apache.flink.queryablestate.itcases.KVStateRequestSerializerRocksDBTest
Tests run: 2, Failures: 0, Errors: 0, Skipped: 0, Time elapsed: 0.839 sec - in org.apache.flink.queryablestate.itcases.KVStateRequestSerializerRocksDBTest
Running org.apache.flink.queryablestate.state.ImmutableReducingStateTest
Tests run: 2, Failures: 0, Errors: 0, Skipped: 0, Time elapsed: 0.022 sec - in org.apache.flink.queryablestate.state.ImmutableReducingStateTest
Running org.apache.flink.queryablestate.state.ImmutableValueStateTest
Tests run: 2, Failures: 0, Errors: 0, Skipped: 0, Time elapsed: 0.001 sec - in org.apache.flink.queryablestate.state.ImmutableValueStateTest
Running org.apache.flink.queryablestate.state.ImmutableFoldingStateTest
Tests run: 2, Failures: 0, Errors: 0, Skipped: 0, Time elapsed: 0.002 sec - in org.apache.flink.queryablestate.state.ImmutableFoldingStateTest
Running org.apache.flink.queryablestate.state.ImmutableAggregatingStateTest
Tests run: 2, Failures: 0, Errors: 0, Skipped: 0, Time elapsed: 0.024 sec - in org.apache.flink.queryablestate.state.ImmutableAggregatingStateTest
Running org.apache.flink.queryablestate.state.ImmutableMapStateTest
Tests run: 8, Failures: 0, Errors: 0, Skipped: 0, Time elapsed: 0 sec - in org.apache.flink.queryablestate.state.ImmutableMapStateTest
Running org.apache.flink.queryablestate.network.AbstractServerTest
Tests run: 1, Failures: 0, Errors: 0, Skipped: 0, Time elapsed: 1.121 sec - in org.apache.flink.queryablestate.network.KvStateServerTest
Running org.apache.flink.queryablestate.network.KvStateClientHandlerTest
Tests run: 1, Failures: 0, Errors: 0, Skipped: 0, Time elapsed: 0.351 sec - in org.apache.flink.queryablestate.network.KvStateClientHandlerTest
Running org.apache.flink.queryablestate.network.ClientTest
Tests run: 2, Failures: 0, Errors: 0, Skipped: 0, Time elapsed: 0.807 sec - in org.apache.flink.queryablestate.network.AbstractServerTest
Running org.apache.flink.queryablestate.network.MessageSerializerTest
Tests run: 16, Failures: 0, Errors: 0, Skipped: 0, Time elapsed: 0.117 sec - in org.apache.flink.queryablestate.network.MessageSerializerTest
Running org.apache.flink.queryablestate.network.KvStateServerHandlerTest
Tests run: 10, Failures: 0, Errors: 0, Skipped: 0, Time elapsed: 0.297 sec - in org.apache.flink.queryablestate.network.KvStateServerHandlerTest
pure virtual method called
terminate called without an active exception
Tests run: 6, Failures: 0, Errors: 0, Skipped: 0, Time elapsed: 6.277 sec - in org.apache.flink.queryablestate.network.ClientTest
Aborted (core dumped)
{code}