[~stack] ready for review.

The {{maxThroughputPerOperation}} should be volatile.

And the {{HBaseTestingUtility}} does not need to be static as you recreate it in setUp?

Thanks.

| (x) *{color:red}-1 overall{color}* |
\\
\\
|| Vote || Subsystem || Runtime || Comment ||
| {color:blue}0{color} | {color:blue} reexec {color} | {color:blue} 0m 15s {color} | {color:blue} Docker mode activated. {color} |
| {color:green}+1{color} | {color:green} @author {color} | {color:green} 0m 0s {color} | {color:green} The patch does not contain any @author tags. {color} |
| {color:green}+1{color} | {color:green} test4tests {color} | {color:green} 0m 0s {color} | {color:green} The patch appears to include 1 new or modified test files. {color} |
| {color:green}+1{color} | {color:green} mvninstall {color} | {color:green} 3m 42s {color} | {color:green} master passed {color} |
| {color:green}+1{color} | {color:green} compile {color} | {color:green} 0m 38s {color} | {color:green} master passed {color} |
| {color:green}+1{color} | {color:green} checkstyle {color} | {color:green} 0m 48s {color} | {color:green} master passed {color} |
| {color:green}+1{color} | {color:green} mvneclipse {color} | {color:green} 0m 17s {color} | {color:green} master passed {color} |
| {color:green}+1{color} | {color:green} findbugs {color} | {color:green} 1m 55s {color} | {color:green} master passed {color} |
| {color:green}+1{color} | {color:green} javadoc {color} | {color:green} 0m 30s {color} | {color:green} master passed {color} |
| {color:green}+1{color} | {color:green} mvninstall {color} | {color:green} 0m 49s {color} | {color:green} the patch passed {color} |
| {color:green}+1{color} | {color:green} compile {color} | {color:green} 0m 38s {color} | {color:green} the patch passed {color} |
| {color:green}+1{color} | {color:green} javac {color} | {color:green} 0m 38s {color} | {color:green} the patch passed {color} |
| {color:green}+1{color} | {color:green} checkstyle {color} | {color:green} 0m 48s {color} | {color:green} the patch passed {color} |
| {color:green}+1{color} | {color:green} mvneclipse {color} | {color:green} 0m 14s {color} | {color:green} the patch passed {color} |
| {color:green}+1{color} | {color:green} whitespace {color} | {color:green} 0m 0s {color} | {color:green} The patch has no whitespace issues. {color} |
| {color:green}+1{color} | {color:green} hadoopcheck {color} | {color:green} 28m 41s {color} | {color:green} Patch does not cause any errors with Hadoop 2.4.0 2.4.1 2.5.0 2.5.1 2.5.2 2.6.1 2.6.2 2.6.3 2.7.1. {color} |
| {color:green}+1{color} | {color:green} hbaseprotoc {color} | {color:green} 0m 14s {color} | {color:green} the patch passed {color} |
| {color:green}+1{color} | {color:green} findbugs {color} | {color:green} 2m 2s {color} | {color:green} the patch passed {color} |
| {color:green}+1{color} | {color:green} javadoc {color} | {color:green} 0m 27s {color} | {color:green} the patch passed {color} |
| {color:red}-1{color} | {color:red} unit {color} | {color:red} 102m 40s {color} | {color:red} hbase-server in the patch failed. {color} |
| {color:green}+1{color} | {color:green} asflicense {color} | {color:green} 0m 18s {color} | {color:green} The patch does not generate ASF License warnings. {color} |
| {color:black}{color} | {color:black} {color} | {color:black} 145m 28s {color} | {color:black} {color} |
\\
\\
|| Reason || Tests ||
| Failed junit tests | hadoop.hbase.regionserver.TestHRegionWithInMemoryFlush |
| Timed out junit tests | org.apache.hadoop.hbase.snapshot.TestSnapshotClientRetries |
|   | org.apache.hadoop.hbase.snapshot.TestMobSecureExportSnapshot |
|   | org.apache.hadoop.hbase.snapshot.TestRestoreFlushSnapshotFromClient |
|   | org.apache.hadoop.hbase.client.TestHCM |
|   | org.apache.hadoop.hbase.snapshot.TestMobFlushSnapshotFromClient |
|   | org.apache.hadoop.hbase.snapshot.TestFlushSnapshotFromClient |
\\
\\
|| Subsystem || Report/Notes ||
| Docker | Client=1.11.2 Server=1.11.2 Image:yetus/hbase:7bda515 |
| JIRA Patch URL | https://issues.apache.org/jira/secure/attachment/12829752/HBASE-16679.master.002.patch |
| JIRA Issue | HBASE-16679 |
| Optional Tests |  asflicense  javac  javadoc  unit  findbugs  hadoopcheck  hbaseanti  checkstyle  compile  |
| uname | Linux 19a654900c21 3.13.0-92-generic #139-Ubuntu SMP Tue Jun 28 20:42:26 UTC 2016 x86_64 x86_64 x86_64 GNU/Linux |
| Build tool | maven |
| Personality | /home/jenkins/jenkins-slave/workspace/PreCommit-HBASE-Build@2/component/dev-support/hbase-personality.sh |
| git revision | master / c9d0d11 |
| Default Java | 1.8.0_101 |
| findbugs | v3.0.0 |
| unit | https://builds.apache.org/job/PreCommit-HBASE-Build/3649/artifact/patchprocess/patch-unit-hbase-server.txt |
| unit test logs |  https://builds.apache.org/job/PreCommit-HBASE-Build/3649/artifact/patchprocess/patch-unit-hbase-server.txt |
|  Test Results | https://builds.apache.org/job/PreCommit-HBASE-Build/3649/testReport/ |
| modules | C: hbase-server U: hbase-server |
| Console output | https://builds.apache.org/job/PreCommit-HBASE-Build/3649/console |
| Powered by | Apache Yetus 0.3.0   http://yetus.apache.org |


This message was automatically generated.



Done.
We are anyways restarting clusters, stack had the good suggestion to not muck around with same configuration as it can cause silly bugs.
So resetting it every time.
And static or not, it doesn't really matter, right? (but i have made it non-static).

Here in this class ,and for now, it is not a problem. But it is a bad practice that update a static field from a non-static method. You will see a findbugs warning if you do that :)

+1 on v3. Ping [~stack]. I can help committing if you do not have time. Thanks.

| (x) *{color:red}-1 overall{color}* |
\\
\\
|| Vote || Subsystem || Runtime || Comment ||
| {color:blue}0{color} | {color:blue} reexec {color} | {color:blue} 0m 27s {color} | {color:blue} Docker mode activated. {color} |
| {color:green}+1{color} | {color:green} @author {color} | {color:green} 0m 0s {color} | {color:green} The patch does not contain any @author tags. {color} |
| {color:green}+1{color} | {color:green} test4tests {color} | {color:green} 0m 0s {color} | {color:green} The patch appears to include 1 new or modified test files. {color} |
| {color:green}+1{color} | {color:green} mvninstall {color} | {color:green} 4m 14s {color} | {color:green} master passed {color} |
| {color:green}+1{color} | {color:green} compile {color} | {color:green} 0m 42s {color} | {color:green} master passed {color} |
| {color:green}+1{color} | {color:green} checkstyle {color} | {color:green} 0m 47s {color} | {color:green} master passed {color} |
| {color:green}+1{color} | {color:green} mvneclipse {color} | {color:green} 0m 14s {color} | {color:green} master passed {color} |
| {color:green}+1{color} | {color:green} findbugs {color} | {color:green} 1m 51s {color} | {color:green} master passed {color} |
| {color:green}+1{color} | {color:green} javadoc {color} | {color:green} 0m 31s {color} | {color:green} master passed {color} |
| {color:green}+1{color} | {color:green} mvninstall {color} | {color:green} 0m 55s {color} | {color:green} the patch passed {color} |
| {color:green}+1{color} | {color:green} compile {color} | {color:green} 0m 42s {color} | {color:green} the patch passed {color} |
| {color:green}+1{color} | {color:green} javac {color} | {color:green} 0m 42s {color} | {color:green} the patch passed {color} |
| {color:green}+1{color} | {color:green} checkstyle {color} | {color:green} 0m 45s {color} | {color:green} the patch passed {color} |
| {color:green}+1{color} | {color:green} mvneclipse {color} | {color:green} 0m 14s {color} | {color:green} the patch passed {color} |
| {color:green}+1{color} | {color:green} whitespace {color} | {color:green} 0m 0s {color} | {color:green} The patch has no whitespace issues. {color} |
| {color:green}+1{color} | {color:green} hadoopcheck {color} | {color:green} 34m 34s {color} | {color:green} Patch does not cause any errors with Hadoop 2.4.0 2.4.1 2.5.0 2.5.1 2.5.2 2.6.1 2.6.2 2.6.3 2.7.1. {color} |
| {color:green}+1{color} | {color:green} hbaseprotoc {color} | {color:green} 0m 16s {color} | {color:green} the patch passed {color} |
| {color:green}+1{color} | {color:green} findbugs {color} | {color:green} 2m 12s {color} | {color:green} the patch passed {color} |
| {color:green}+1{color} | {color:green} javadoc {color} | {color:green} 0m 31s {color} | {color:green} the patch passed {color} |
| {color:red}-1{color} | {color:red} unit {color} | {color:red} 109m 14s {color} | {color:red} hbase-server in the patch failed. {color} |
| {color:green}+1{color} | {color:green} asflicense {color} | {color:green} 0m 17s {color} | {color:green} The patch does not generate ASF License warnings. {color} |
| {color:black}{color} | {color:black} {color} | {color:black} 158m 51s {color} | {color:black} {color} |
\\
\\
|| Reason || Tests ||
| Failed junit tests | hadoop.hbase.client.TestBlockEvictionFromClient |
| Timed out junit tests | org.apache.hadoop.hbase.namespace.TestNamespaceAuditor |
|   | org.apache.hadoop.hbase.wal.TestWALSplitCompressed |
|   | org.apache.hadoop.hbase.security.visibility.TestVisibilityLabelsWithDeletes |
|   | org.apache.hadoop.hbase.wal.TestBoundedRegionGroupingStrategy |
|   | org.apache.hadoop.hbase.wal.TestWALSplit |
\\
\\
|| Subsystem || Report/Notes ||
| Docker | Client=1.11.2 Server=1.11.2 Image:yetus/hbase:7bda515 |
| JIRA Patch URL | https://issues.apache.org/jira/secure/attachment/12830015/HBASE-16679.master.003.patch |
| JIRA Issue | HBASE-16679 |
| Optional Tests |  asflicense  javac  javadoc  unit  findbugs  hadoopcheck  hbaseanti  checkstyle  compile  |
| uname | Linux e7e3e65fd48e 3.13.0-92-generic #139-Ubuntu SMP Tue Jun 28 20:42:26 UTC 2016 x86_64 x86_64 x86_64 GNU/Linux |
| Build tool | maven |
| Personality | /home/jenkins/jenkins-slave/workspace/PreCommit-HBASE-Build/component/dev-support/hbase-personality.sh |
| git revision | master / 946c1ed |
| Default Java | 1.8.0_101 |
| findbugs | v3.0.0 |
| unit | https://builds.apache.org/job/PreCommit-HBASE-Build/3680/artifact/patchprocess/patch-unit-hbase-server.txt |
| unit test logs |  https://builds.apache.org/job/PreCommit-HBASE-Build/3680/artifact/patchprocess/patch-unit-hbase-server.txt |
|  Test Results | https://builds.apache.org/job/PreCommit-HBASE-Build/3680/testReport/ |
| modules | C: hbase-server U: hbase-server |
| Console output | https://builds.apache.org/job/PreCommit-HBASE-Build/3680/console |
| Powered by | Apache Yetus 0.3.0   http://yetus.apache.org |


This message was automatically generated.



Excellent [~appy] +1 Lets try it. This is the flakey that fails most going by your flakey report (available to all off the home page for trunk builds up on jenkins)  [~Apache9], suggest we let @appy commit his own s*** -- smile.

I see. Thanks for explaining.

Committing.

Ran above failing/timed out tests locally.
TestBlockEvictionFromClient is flaky while other tests timed out probably becuase of  java.lang.RuntimeException: java.lang.OutOfMemoryError.
The changes in this patch doesn't affect other tests since these pressure aware controllers are not enabled by default.

{noformat}
-------------------------------------------------------
 T E S T S
-------------------------------------------------------
Java HotSpot(TM) 64-Bit Server VM warning: ignoring option MaxPermSize=256m; support was removed in 8.0
Running org.apache.hadoop.hbase.namespace.TestNamespaceAuditor
Tests run: 12, Failures: 0, Errors: 0, Skipped: 0, Time elapsed: 141.852 sec - in org.apache.hadoop.hbase.namespace.TestNamespaceAuditor
Java HotSpot(TM) 64-Bit Server VM warning: ignoring option MaxPermSize=256m; support was removed in 8.0
Running org.apache.hadoop.hbase.security.visibility.TestVisibilityLabelsWithDeletes
Tests run: 44, Failures: 0, Errors: 0, Skipped: 0, Time elapsed: 91.247 sec - in org.apache.hadoop.hbase.security.visibility.TestVisibilityLabelsWithDeletes
Java HotSpot(TM) 64-Bit Server VM warning: ignoring option MaxPermSize=256m; support was removed in 8.0
Running org.apache.hadoop.hbase.wal.TestBoundedRegionGroupingStrategy
Tests run: 10, Failures: 0, Errors: 0, Skipped: 0, Time elapsed: 38.128 sec - in org.apache.hadoop.hbase.wal.TestBoundedRegionGroupingStrategy
Java HotSpot(TM) 64-Bit Server VM warning: ignoring option MaxPermSize=256m; support was removed in 8.0
Running org.apache.hadoop.hbase.wal.TestWALSplit
Tests run: 32, Failures: 0, Errors: 0, Skipped: 0, Time elapsed: 59.011 sec - in org.apache.hadoop.hbase.wal.TestWALSplit
Java HotSpot(TM) 64-Bit Server VM warning: ignoring option MaxPermSize=256m; support was removed in 8.0
Running org.apache.hadoop.hbase.wal.TestWALSplitCompressed
Tests run: 32, Failures: 0, Errors: 0, Skipped: 0, Time elapsed: 57.131 sec - in org.apache.hadoop.hbase.wal.TestWALSplitCompressed

Results :

Tests run: 130, Failures: 0, Errors: 0, Skipped: 0
{noformat}

FAILURE: Integrated in Jenkins build HBase-1.3-JDK7 #21 (See [https://builds.apache.org/job/HBase-1.3-JDK7/21/])
HBASE-16679 Flush throughput controller: Minor perf change and fix flaky (appy: rev b4f7ad62ef333e8a358cfad69f14205878591f57)
* (edit) hbase-server/src/main/java/org/apache/hadoop/hbase/regionserver/throttle/PressureAwareThroughputController.java
* (edit) hbase-server/src/test/java/org/apache/hadoop/hbase/regionserver/throttle/TestFlushWithThroughputController.java


FAILURE: Integrated in Jenkins build HBase-1.4 #429 (See [https://builds.apache.org/job/HBase-1.4/429/])
HBASE-16679 Flush throughput controller: Minor perf change and fix flaky (appy: rev 9a510e9ba22b2c45378fce5b8214abc11da59d93)
* (edit) hbase-server/src/test/java/org/apache/hadoop/hbase/regionserver/throttle/TestFlushWithThroughputController.java
* (edit) hbase-server/src/main/java/org/apache/hadoop/hbase/regionserver/throttle/PressureAwareThroughputController.java


FAILURE: Integrated in Jenkins build HBase-1.3-JDK8 #22 (See [https://builds.apache.org/job/HBase-1.3-JDK8/22/])
HBASE-16679 Flush throughput controller: Minor perf change and fix flaky (appy: rev b4f7ad62ef333e8a358cfad69f14205878591f57)
* (edit) hbase-server/src/main/java/org/apache/hadoop/hbase/regionserver/throttle/PressureAwareThroughputController.java
* (edit) hbase-server/src/test/java/org/apache/hadoop/hbase/regionserver/throttle/TestFlushWithThroughputController.java


FAILURE: Integrated in Jenkins build HBase-Trunk_matrix #1661 (See [https://builds.apache.org/job/HBase-Trunk_matrix/1661/])
HBASE-16679 Flush throughput controller: Minor perf change and fix flaky (appy: rev 408242430510c1cedb5ce7971f3ebb9f439870fe)
* (edit) hbase-server/src/main/java/org/apache/hadoop/hbase/regionserver/throttle/PressureAwareThroughputController.java
* (edit) hbase-server/src/test/java/org/apache/hadoop/hbase/regionserver/throttle/TestFlushWithThroughputController.java


Fine. :)

Just noticed this one, nice catch and thanks for the patch [~appy]

