| (x) *{color:red}-1 overall{color}* |
\\
\\
|| Vote || Subsystem || Runtime || Comment ||
| {color:blue}0{color} | {color:blue} reexec {color} | {color:blue} 0m 11s {color} | {color:blue} Docker mode activated. {color} |
| {color:green}+1{color} | {color:green} @author {color} | {color:green} 0m 0s {color} | {color:green} The patch does not contain any @author tags. {color} |
| {color:green}+1{color} | {color:green} test4tests {color} | {color:green} 0m 0s {color} | {color:green} The patch appears to include 6 new or modified test files. {color} |
| {color:green}+1{color} | {color:green} mvninstall {color} | {color:green} 2m 45s {color} | {color:green} master passed {color} |
| {color:green}+1{color} | {color:green} compile {color} | {color:green} 0m 34s {color} | {color:green} master passed {color} |
| {color:green}+1{color} | {color:green} checkstyle {color} | {color:green} 0m 45s {color} | {color:green} master passed {color} |
| {color:green}+1{color} | {color:green} mvneclipse {color} | {color:green} 0m 13s {color} | {color:green} master passed {color} |
| {color:green}+1{color} | {color:green} findbugs {color} | {color:green} 1m 41s {color} | {color:green} master passed {color} |
| {color:green}+1{color} | {color:green} javadoc {color} | {color:green} 0m 26s {color} | {color:green} master passed {color} |
| {color:green}+1{color} | {color:green} mvninstall {color} | {color:green} 0m 44s {color} | {color:green} the patch passed {color} |
| {color:green}+1{color} | {color:green} compile {color} | {color:green} 0m 34s {color} | {color:green} the patch passed {color} |
| {color:green}+1{color} | {color:green} javac {color} | {color:green} 0m 34s {color} | {color:green} the patch passed {color} |
| {color:green}+1{color} | {color:green} checkstyle {color} | {color:green} 0m 45s {color} | {color:green} the patch passed {color} |
| {color:green}+1{color} | {color:green} mvneclipse {color} | {color:green} 0m 13s {color} | {color:green} the patch passed {color} |
| {color:green}+1{color} | {color:green} whitespace {color} | {color:green} 0m 0s {color} | {color:green} The patch has no whitespace issues. {color} |
| {color:green}+1{color} | {color:green} hadoopcheck {color} | {color:green} 24m 37s {color} | {color:green} Patch does not cause any errors with Hadoop 2.4.0 2.4.1 2.5.0 2.5.1 2.5.2 2.6.1 2.6.2 2.6.3 2.7.1. {color} |
| {color:green}+1{color} | {color:green} hbaseprotoc {color} | {color:green} 0m 11s {color} | {color:green} the patch passed {color} |
| {color:green}+1{color} | {color:green} findbugs {color} | {color:green} 1m 48s {color} | {color:green} the patch passed {color} |
| {color:green}+1{color} | {color:green} javadoc {color} | {color:green} 0m 26s {color} | {color:green} the patch passed {color} |
| {color:red}-1{color} | {color:red} unit {color} | {color:red} 80m 7s {color} | {color:red} hbase-server in the patch failed. {color} |
| {color:green}+1{color} | {color:green} asflicense {color} | {color:green} 0m 12s {color} | {color:green} The patch does not generate ASF License warnings. {color} |
| {color:black}{color} | {color:black} {color} | {color:black} 116m 28s {color} | {color:black} {color} |
\\
\\
|| Reason || Tests ||
| Timed out junit tests | org.apache.hadoop.hbase.security.visibility.TestVisibilityLabelsWithDefaultVisLabelService |
|   | org.apache.hadoop.hbase.security.visibility.TestVisibilityLabelsWithCustomVisLabService |
|   | org.apache.hadoop.hbase.security.visibility.TestVisibilityLabelsWithDeletes |
\\
\\
|| Subsystem || Report/Notes ||
| Docker | Client=1.11.2 Server=1.11.2 Image:yetus/hbase:7bda515 |
| JIRA Patch URL | https://issues.apache.org/jira/secure/attachment/12828574/HBASE-16634-v0.patch |
| JIRA Issue | HBASE-16634 |
| Optional Tests |  asflicense  javac  javadoc  unit  findbugs  hadoopcheck  hbaseanti  checkstyle  compile  |
| uname | Linux a03b4b963be4 3.13.0-36-lowlatency #63-Ubuntu SMP PREEMPT Wed Sep 3 21:56:12 UTC 2014 x86_64 x86_64 x86_64 GNU/Linux |
| Build tool | maven |
| Personality | /home/jenkins/jenkins-slave/workspace/PreCommit-HBASE-Build/component/dev-support/hbase-personality.sh |
| git revision | master / 8ef6c76 |
| Default Java | 1.8.0_101 |
| findbugs | v3.0.0 |
| unit | https://builds.apache.org/job/PreCommit-HBASE-Build/3556/artifact/patchprocess/patch-unit-hbase-server.txt |
| unit test logs |  https://builds.apache.org/job/PreCommit-HBASE-Build/3556/artifact/patchprocess/patch-unit-hbase-server.txt |
|  Test Results | https://builds.apache.org/job/PreCommit-HBASE-Build/3556/testReport/ |
| modules | C: hbase-server U: hbase-server |
| Console output | https://builds.apache.org/job/PreCommit-HBASE-Build/3556/console |
| Powered by | Apache Yetus 0.3.0   http://yetus.apache.org |


This message was automatically generated.



lgtm [~mbertozzi] Are the failures above related?

doesn't look like, a quick grep for snapshot in that code does not show anything. I also did two runs and they seems to pass
{noformat}
$ mvn clean test -Dtest=TestVisibilityLabels*
Java HotSpot(TM) 64-Bit Server VM warning: ignoring option MaxPermSize=256m; support was removed in 8.0
Running org.apache.hadoop.hbase.security.visibility.TestVisibilityLabelsWithCustomVisLabService
Tests run: 21, Failures: 0, Errors: 0, Skipped: 0, Time elapsed: 41.036 sec - in org.apache.hadoop.hbase.security.visibility.TestVisibilityLabelsWithCustomVisLabService
Java HotSpot(TM) 64-Bit Server VM warning: ignoring option MaxPermSize=256m; support was removed in 8.0
Running org.apache.hadoop.hbase.security.visibility.TestVisibilityLabelsWithDefaultVisLabelService
Tests run: 26, Failures: 0, Errors: 0, Skipped: 0, Time elapsed: 40.26 sec - in org.apache.hadoop.hbase.security.visibility.TestVisibilityLabelsWithDefaultVisLabelService
Java HotSpot(TM) 64-Bit Server VM warning: ignoring option MaxPermSize=256m; support was removed in 8.0
Running org.apache.hadoop.hbase.security.visibility.TestVisibilityLabelsOpWithDifferentUsersNoACL
Tests run: 1, Failures: 0, Errors: 0, Skipped: 0, Time elapsed: 10.478 sec - in org.apache.hadoop.hbase.security.visibility.TestVisibilityLabelsOpWithDifferentUsersNoACL
Java HotSpot(TM) 64-Bit Server VM warning: ignoring option MaxPermSize=256m; support was removed in 8.0
Running org.apache.hadoop.hbase.security.visibility.TestVisibilityLabelsReplication
Tests run: 1, Failures: 0, Errors: 0, Skipped: 0, Time elapsed: 19.82 sec - in org.apache.hadoop.hbase.security.visibility.TestVisibilityLabelsReplication
Java HotSpot(TM) 64-Bit Server VM warning: ignoring option MaxPermSize=256m; support was removed in 8.0
Running org.apache.hadoop.hbase.security.visibility.TestVisibilityLabelsWithSLGStack
Tests run: 1, Failures: 0, Errors: 0, Skipped: 0, Time elapsed: 11.262 sec - in org.apache.hadoop.hbase.security.visibility.TestVisibilityLabelsWithSLGStack
Java HotSpot(TM) 64-Bit Server VM warning: ignoring option MaxPermSize=256m; support was removed in 8.0
Running org.apache.hadoop.hbase.security.visibility.TestVisibilityLabelsWithDeletes
Tests run: 44, Failures: 0, Errors: 0, Skipped: 0, Time elapsed: 95.23 sec - in org.apache.hadoop.hbase.security.visibility.TestVisibilityLabelsWithDeletes
Java HotSpot(TM) 64-Bit Server VM warning: ignoring option MaxPermSize=256m; support was removed in 8.0
Running org.apache.hadoop.hbase.security.visibility.TestVisibilityLabelsWithACL
Tests run: 5, Failures: 0, Errors: 0, Skipped: 0, Time elapsed: 16.471 sec - in org.apache.hadoop.hbase.security.visibility.TestVisibilityLabelsWithACL

Results :

Tests run: 99, Failures: 0, Errors: 0, Skipped: 0
{noformat}

ok. +1

| (x) *{color:red}-1 overall{color}* |
\\
\\
|| Vote || Subsystem || Runtime || Comment ||
| {color:blue}0{color} | {color:blue} reexec {color} | {color:blue} 0m 19s {color} | {color:blue} Docker mode activated. {color} |
| {color:green}+1{color} | {color:green} @author {color} | {color:green} 0m 0s {color} | {color:green} The patch does not contain any @author tags. {color} |
| {color:green}+1{color} | {color:green} test4tests {color} | {color:green} 0m 0s {color} | {color:green} The patch appears to include 6 new or modified test files. {color} |
| {color:green}+1{color} | {color:green} mvninstall {color} | {color:green} 2m 44s {color} | {color:green} master passed {color} |
| {color:green}+1{color} | {color:green} compile {color} | {color:green} 0m 33s {color} | {color:green} master passed {color} |
| {color:green}+1{color} | {color:green} checkstyle {color} | {color:green} 0m 43s {color} | {color:green} master passed {color} |
| {color:green}+1{color} | {color:green} mvneclipse {color} | {color:green} 0m 13s {color} | {color:green} master passed {color} |
| {color:green}+1{color} | {color:green} findbugs {color} | {color:green} 1m 39s {color} | {color:green} master passed {color} |
| {color:green}+1{color} | {color:green} javadoc {color} | {color:green} 0m 25s {color} | {color:green} master passed {color} |
| {color:green}+1{color} | {color:green} mvninstall {color} | {color:green} 0m 43s {color} | {color:green} the patch passed {color} |
| {color:green}+1{color} | {color:green} compile {color} | {color:green} 0m 34s {color} | {color:green} the patch passed {color} |
| {color:green}+1{color} | {color:green} javac {color} | {color:green} 0m 34s {color} | {color:green} the patch passed {color} |
| {color:green}+1{color} | {color:green} checkstyle {color} | {color:green} 0m 46s {color} | {color:green} the patch passed {color} |
| {color:green}+1{color} | {color:green} mvneclipse {color} | {color:green} 0m 13s {color} | {color:green} the patch passed {color} |
| {color:green}+1{color} | {color:green} whitespace {color} | {color:green} 0m 0s {color} | {color:green} The patch has no whitespace issues. {color} |
| {color:green}+1{color} | {color:green} hadoopcheck {color} | {color:green} 24m 54s {color} | {color:green} Patch does not cause any errors with Hadoop 2.4.0 2.4.1 2.5.0 2.5.1 2.5.2 2.6.1 2.6.2 2.6.3 2.7.1. {color} |
| {color:green}+1{color} | {color:green} hbaseprotoc {color} | {color:green} 0m 12s {color} | {color:green} the patch passed {color} |
| {color:green}+1{color} | {color:green} findbugs {color} | {color:green} 1m 52s {color} | {color:green} the patch passed {color} |
| {color:green}+1{color} | {color:green} javadoc {color} | {color:green} 0m 27s {color} | {color:green} the patch passed {color} |
| {color:red}-1{color} | {color:red} unit {color} | {color:red} 82m 32s {color} | {color:red} hbase-server in the patch failed. {color} |
| {color:green}+1{color} | {color:green} asflicense {color} | {color:green} 0m 15s {color} | {color:green} The patch does not generate ASF License warnings. {color} |
| {color:black}{color} | {color:black} {color} | {color:black} 119m 20s {color} | {color:black} {color} |
\\
\\
|| Reason || Tests ||
| Timed out junit tests | org.apache.hadoop.hbase.client.TestReplicasClient |
|   | org.apache.hadoop.hbase.client.TestMetaWithReplicas |
|   | org.apache.hadoop.hbase.client.TestFromClientSide3 |
|   | org.apache.hadoop.hbase.client.TestMobRestoreSnapshotFromClient |
|   | org.apache.hadoop.hbase.client.TestTableSnapshotScanner |
\\
\\
|| Subsystem || Report/Notes ||
| Docker | Client=1.11.2 Server=1.11.2 Image:yetus/hbase:7bda515 |
| JIRA Patch URL | https://issues.apache.org/jira/secure/attachment/12828574/HBASE-16634-v0.patch |
| JIRA Issue | HBASE-16634 |
| Optional Tests |  asflicense  javac  javadoc  unit  findbugs  hadoopcheck  hbaseanti  checkstyle  compile  |
| uname | Linux 297dbeac6a76 3.13.0-92-generic #139-Ubuntu SMP Tue Jun 28 20:42:26 UTC 2016 x86_64 x86_64 x86_64 GNU/Linux |
| Build tool | maven |
| Personality | /home/jenkins/jenkins-slave/workspace/PreCommit-HBASE-Build/component/dev-support/hbase-personality.sh |
| git revision | master / 56be3ac |
| Default Java | 1.8.0_101 |
| findbugs | v3.0.0 |
| unit | https://builds.apache.org/job/PreCommit-HBASE-Build/3561/artifact/patchprocess/patch-unit-hbase-server.txt |
| unit test logs |  https://builds.apache.org/job/PreCommit-HBASE-Build/3561/artifact/patchprocess/patch-unit-hbase-server.txt |
|  Test Results | https://builds.apache.org/job/PreCommit-HBASE-Build/3561/testReport/ |
| modules | C: hbase-server U: hbase-server |
| Console output | https://builds.apache.org/job/PreCommit-HBASE-Build/3561/console |
| Powered by | Apache Yetus 0.3.0   http://yetus.apache.org |


This message was automatically generated.



let me try v1, some tests in the run here failed with timeout/OOM
and I noticed that there is inconsistencies with the ExportSnapshot test subclasses. some uses Medium, some Large and so on. 
I also turned down the default number of regions to from 9 to 6, let see if we improve something...

| (x) *{color:red}-1 overall{color}* |
\\
\\
|| Vote || Subsystem || Runtime || Comment ||
| {color:blue}0{color} | {color:blue} reexec {color} | {color:blue} 0m 12s {color} | {color:blue} Docker mode activated. {color} |
| {color:green}+1{color} | {color:green} @author {color} | {color:green} 0m 0s {color} | {color:green} The patch does not contain any @author tags. {color} |
| {color:green}+1{color} | {color:green} test4tests {color} | {color:green} 0m 0s {color} | {color:green} The patch appears to include 7 new or modified test files. {color} |
| {color:green}+1{color} | {color:green} mvninstall {color} | {color:green} 2m 45s {color} | {color:green} master passed {color} |
| {color:green}+1{color} | {color:green} compile {color} | {color:green} 0m 35s {color} | {color:green} master passed {color} |
| {color:green}+1{color} | {color:green} checkstyle {color} | {color:green} 0m 45s {color} | {color:green} master passed {color} |
| {color:green}+1{color} | {color:green} mvneclipse {color} | {color:green} 0m 13s {color} | {color:green} master passed {color} |
| {color:green}+1{color} | {color:green} findbugs {color} | {color:green} 1m 37s {color} | {color:green} master passed {color} |
| {color:green}+1{color} | {color:green} javadoc {color} | {color:green} 0m 26s {color} | {color:green} master passed {color} |
| {color:green}+1{color} | {color:green} mvninstall {color} | {color:green} 0m 44s {color} | {color:green} the patch passed {color} |
| {color:green}+1{color} | {color:green} compile {color} | {color:green} 0m 34s {color} | {color:green} the patch passed {color} |
| {color:green}+1{color} | {color:green} javac {color} | {color:green} 0m 34s {color} | {color:green} the patch passed {color} |
| {color:green}+1{color} | {color:green} checkstyle {color} | {color:green} 0m 45s {color} | {color:green} the patch passed {color} |
| {color:green}+1{color} | {color:green} mvneclipse {color} | {color:green} 0m 13s {color} | {color:green} the patch passed {color} |
| {color:green}+1{color} | {color:green} whitespace {color} | {color:green} 0m 0s {color} | {color:green} The patch has no whitespace issues. {color} |
| {color:green}+1{color} | {color:green} hadoopcheck {color} | {color:green} 25m 20s {color} | {color:green} Patch does not cause any errors with Hadoop 2.4.0 2.4.1 2.5.0 2.5.1 2.5.2 2.6.1 2.6.2 2.6.3 2.7.1. {color} |
| {color:green}+1{color} | {color:green} hbaseprotoc {color} | {color:green} 0m 12s {color} | {color:green} the patch passed {color} |
| {color:green}+1{color} | {color:green} findbugs {color} | {color:green} 1m 48s {color} | {color:green} the patch passed {color} |
| {color:green}+1{color} | {color:green} javadoc {color} | {color:green} 0m 26s {color} | {color:green} the patch passed {color} |
| {color:red}-1{color} | {color:red} unit {color} | {color:red} 84m 6s {color} | {color:red} hbase-server in the patch failed. {color} |
| {color:green}+1{color} | {color:green} asflicense {color} | {color:green} 0m 13s {color} | {color:green} The patch does not generate ASF License warnings. {color} |
| {color:black}{color} | {color:black} {color} | {color:black} 121m 11s {color} | {color:black} {color} |
\\
\\
|| Reason || Tests ||
| Timed out junit tests | org.apache.hadoop.hbase.security.visibility.TestVisibilityLabelsWithDefaultVisLabelService |
|   | org.apache.hadoop.hbase.security.visibility.TestVisibilityLabelsWithCustomVisLabService |
|   | org.apache.hadoop.hbase.security.visibility.TestDefaultScanLabelGeneratorStack |
\\
\\
|| Subsystem || Report/Notes ||
| Docker | Client=1.11.2 Server=1.11.2 Image:yetus/hbase:7bda515 |
| JIRA Patch URL | https://issues.apache.org/jira/secure/attachment/12828688/HBASE-16634-v1.patch |
| JIRA Issue | HBASE-16634 |
| Optional Tests |  asflicense  javac  javadoc  unit  findbugs  hadoopcheck  hbaseanti  checkstyle  compile  |
| uname | Linux 81c070a57ec3 3.13.0-36-lowlatency #63-Ubuntu SMP PREEMPT Wed Sep 3 21:56:12 UTC 2014 x86_64 x86_64 x86_64 GNU/Linux |
| Build tool | maven |
| Personality | /home/jenkins/jenkins-slave/workspace/PreCommit-HBASE-Build/component/dev-support/hbase-personality.sh |
| git revision | master / 56be3ac |
| Default Java | 1.8.0_101 |
| findbugs | v3.0.0 |
| unit | https://builds.apache.org/job/PreCommit-HBASE-Build/3563/artifact/patchprocess/patch-unit-hbase-server.txt |
| unit test logs |  https://builds.apache.org/job/PreCommit-HBASE-Build/3563/artifact/patchprocess/patch-unit-hbase-server.txt |
|  Test Results | https://builds.apache.org/job/PreCommit-HBASE-Build/3563/testReport/ |
| modules | C: hbase-server U: hbase-server |
| Console output | https://builds.apache.org/job/PreCommit-HBASE-Build/3563/console |
| Powered by | Apache Yetus 0.3.0   http://yetus.apache.org |


This message was automatically generated.



| (x) *{color:red}-1 overall{color}* |
\\
\\
|| Vote || Subsystem || Runtime || Comment ||
| {color:blue}0{color} | {color:blue} reexec {color} | {color:blue} 0m 12s {color} | {color:blue} Docker mode activated. {color} |
| {color:green}+1{color} | {color:green} @author {color} | {color:green} 0m 0s {color} | {color:green} The patch does not contain any @author tags. {color} |
| {color:green}+1{color} | {color:green} test4tests {color} | {color:green} 0m 0s {color} | {color:green} The patch appears to include 7 new or modified test files. {color} |
| {color:green}+1{color} | {color:green} mvninstall {color} | {color:green} 3m 7s {color} | {color:green} master passed {color} |
| {color:green}+1{color} | {color:green} compile {color} | {color:green} 0m 36s {color} | {color:green} master passed {color} |
| {color:green}+1{color} | {color:green} checkstyle {color} | {color:green} 0m 45s {color} | {color:green} master passed {color} |
| {color:green}+1{color} | {color:green} mvneclipse {color} | {color:green} 0m 13s {color} | {color:green} master passed {color} |
| {color:green}+1{color} | {color:green} findbugs {color} | {color:green} 1m 39s {color} | {color:green} master passed {color} |
| {color:green}+1{color} | {color:green} javadoc {color} | {color:green} 0m 26s {color} | {color:green} master passed {color} |
| {color:green}+1{color} | {color:green} mvninstall {color} | {color:green} 0m 44s {color} | {color:green} the patch passed {color} |
| {color:green}+1{color} | {color:green} compile {color} | {color:green} 0m 35s {color} | {color:green} the patch passed {color} |
| {color:green}+1{color} | {color:green} javac {color} | {color:green} 0m 35s {color} | {color:green} the patch passed {color} |
| {color:green}+1{color} | {color:green} checkstyle {color} | {color:green} 0m 45s {color} | {color:green} the patch passed {color} |
| {color:green}+1{color} | {color:green} mvneclipse {color} | {color:green} 0m 12s {color} | {color:green} the patch passed {color} |
| {color:green}+1{color} | {color:green} whitespace {color} | {color:green} 0m 0s {color} | {color:green} The patch has no whitespace issues. {color} |
| {color:green}+1{color} | {color:green} hadoopcheck {color} | {color:green} 25m 1s {color} | {color:green} Patch does not cause any errors with Hadoop 2.4.0 2.4.1 2.5.0 2.5.1 2.5.2 2.6.1 2.6.2 2.6.3 2.7.1. {color} |
| {color:green}+1{color} | {color:green} hbaseprotoc {color} | {color:green} 0m 12s {color} | {color:green} the patch passed {color} |
| {color:green}+1{color} | {color:green} findbugs {color} | {color:green} 1m 48s {color} | {color:green} the patch passed {color} |
| {color:green}+1{color} | {color:green} javadoc {color} | {color:green} 0m 25s {color} | {color:green} the patch passed {color} |
| {color:red}-1{color} | {color:red} unit {color} | {color:red} 82m 12s {color} | {color:red} hbase-server in the patch failed. {color} |
| {color:green}+1{color} | {color:green} asflicense {color} | {color:green} 0m 14s {color} | {color:green} The patch does not generate ASF License warnings. {color} |
| {color:black}{color} | {color:black} {color} | {color:black} 119m 24s {color} | {color:black} {color} |
\\
\\
|| Reason || Tests ||
| Timed out junit tests | org.apache.hadoop.hbase.master.TestMasterFailover |
|   | org.apache.hadoop.hbase.master.TestTableLockManager |
|   | org.apache.hadoop.hbase.master.snapshot.TestSnapshotFileCache |
|   | org.apache.hadoop.hbase.master.TestMetaShutdownHandler |
\\
\\
|| Subsystem || Report/Notes ||
| Docker | Client=1.11.2 Server=1.11.2 Image:yetus/hbase:7bda515 |
| JIRA Patch URL | https://issues.apache.org/jira/secure/attachment/12828688/HBASE-16634-v1.patch |
| JIRA Issue | HBASE-16634 |
| Optional Tests |  asflicense  javac  javadoc  unit  findbugs  hadoopcheck  hbaseanti  checkstyle  compile  |
| uname | Linux 842ab870b247 3.13.0-36-lowlatency #63-Ubuntu SMP PREEMPT Wed Sep 3 21:56:12 UTC 2014 x86_64 x86_64 x86_64 GNU/Linux |
| Build tool | maven |
| Personality | /home/jenkins/jenkins-slave/workspace/PreCommit-HBASE-Build/component/dev-support/hbase-personality.sh |
| git revision | master / 8c4b09d |
| Default Java | 1.8.0_101 |
| findbugs | v3.0.0 |
| unit | https://builds.apache.org/job/PreCommit-HBASE-Build/3566/artifact/patchprocess/patch-unit-hbase-server.txt |
| unit test logs |  https://builds.apache.org/job/PreCommit-HBASE-Build/3566/artifact/patchprocess/patch-unit-hbase-server.txt |
|  Test Results | https://builds.apache.org/job/PreCommit-HBASE-Build/3566/testReport/ |
| modules | C: hbase-server U: hbase-server |
| Console output | https://builds.apache.org/job/PreCommit-HBASE-Build/3566/console |
| Powered by | Apache Yetus 0.3.0   http://yetus.apache.org |


This message was automatically generated.



FAILURE: Integrated in Jenkins build HBase-Trunk_matrix #1610 (See [https://builds.apache.org/job/HBase-Trunk_matrix/1610/])
HBASE-16634 Speedup TestExportSnapshot (matteo.bertozzi: rev e19632a19abc52a983d444811852bf0f11cd0d0b)
* (edit) hbase-server/src/test/java/org/apache/hadoop/hbase/snapshot/TestMobExportSnapshot.java
* (edit) hbase-server/src/test/java/org/apache/hadoop/hbase/snapshot/TestSecureExportSnapshot.java
* (edit) hbase-server/src/test/java/org/apache/hadoop/hbase/snapshot/MobSnapshotTestingUtils.java
* (edit) hbase-server/src/test/java/org/apache/hadoop/hbase/snapshot/SnapshotTestingUtils.java
* (edit) hbase-server/src/test/java/org/apache/hadoop/hbase/snapshot/TestFlushSnapshotFromClient.java
* (edit) hbase-server/src/test/java/org/apache/hadoop/hbase/snapshot/TestExportSnapshot.java
* (edit) hbase-server/src/test/java/org/apache/hadoop/hbase/snapshot/TestMobSecureExportSnapshot.java


