Thanks for working on this, Artem.
{code}
+module Hbase
+  class AdminHelpersTest < Test::Unit::TestCase
+    include TestHelpers
{code}
I was expecting the new test class to have different name from the existing one.
{code}
     System.setProperty("shell.test.include", "admin_test.rb");
+    System.setProperty("shell.test.include", "admin_test2.rb");
{code}
Isn't the net effect of the above "admin_test2.rb" being the sole test being run ?

| (x) *{color:red}-1 overall{color}* |
\\
\\
|| Vote || Subsystem || Runtime || Comment ||
| {color:blue}0{color} | {color:blue} reexec {color} | {color:blue}  0m 12s{color} | {color:blue} Docker mode activated. {color} |
|| || || || {color:brown} Prechecks {color} ||
| {color:green}+1{color} | {color:green} hbaseanti {color} | {color:green}  0m  0s{color} | {color:green} Patch does not have any anti-patterns. {color} |
| {color:green}+1{color} | {color:green} @author {color} | {color:green}  0m  0s{color} | {color:green} The patch does not contain any @author tags. {color} |
| {color:green}+1{color} | {color:green} test4tests {color} | {color:green}  0m  0s{color} | {color:green} The patch appears to include 3 new or modified test files. {color} |
|| || || || {color:brown} master Compile Tests {color} ||
| {color:green}+1{color} | {color:green} mvninstall {color} | {color:green}  5m 42s{color} | {color:green} master passed {color} |
| {color:green}+1{color} | {color:green} compile {color} | {color:green}  0m 28s{color} | {color:green} master passed {color} |
| {color:green}+1{color} | {color:green} checkstyle {color} | {color:green}  0m 14s{color} | {color:green} master passed {color} |
| {color:green}+1{color} | {color:green} shadedjars {color} | {color:green}  4m 39s{color} | {color:green} branch has no errors when building our shaded downstream artifacts. {color} |
| {color:green}+1{color} | {color:green} findbugs {color} | {color:green}  0m  0s{color} | {color:green} master passed {color} |
| {color:green}+1{color} | {color:green} javadoc {color} | {color:green}  0m 12s{color} | {color:green} master passed {color} |
|| || || || {color:brown} Patch Compile Tests {color} ||
| {color:green}+1{color} | {color:green} mvninstall {color} | {color:green}  6m  1s{color} | {color:green} the patch passed {color} |
| {color:green}+1{color} | {color:green} compile {color} | {color:green}  0m 26s{color} | {color:green} the patch passed {color} |
| {color:green}+1{color} | {color:green} javac {color} | {color:green}  0m 26s{color} | {color:green} the patch passed {color} |
| {color:green}+1{color} | {color:green} checkstyle {color} | {color:green}  0m 13s{color} | {color:green} the patch passed {color} |
| {color:red}-1{color} | {color:red} rubocop {color} | {color:red}  0m  7s{color} | {color:red} The patch generated 3 new + 123 unchanged - 179 fixed = 126 total (was 302) {color} |
| {color:orange}-0{color} | {color:orange} ruby-lint {color} | {color:orange}  0m 16s{color} | {color:orange} The patch generated 1 new + 274 unchanged - 328 fixed = 275 total (was 602) {color} |
| {color:red}-1{color} | {color:red} whitespace {color} | {color:red}  0m  0s{color} | {color:red} The patch 1 line(s) with tabs. {color} |
| {color:green}+1{color} | {color:green} shadedjars {color} | {color:green}  4m 55s{color} | {color:green} patch has no errors when building our shaded downstream artifacts. {color} |
| {color:green}+1{color} | {color:green} hadoopcheck {color} | {color:green} 12m 27s{color} | {color:green} Patch does not cause any errors with Hadoop 2.7.4 or 3.0.0. {color} |
| {color:green}+1{color} | {color:green} findbugs {color} | {color:green}  0m  0s{color} | {color:green} the patch passed {color} |
| {color:green}+1{color} | {color:green} javadoc {color} | {color:green}  0m 13s{color} | {color:green} the patch passed {color} |
|| || || || {color:brown} Other Tests {color} ||
| {color:green}+1{color} | {color:green} unit {color} | {color:green}  7m 44s{color} | {color:green} hbase-shell in the patch passed. {color} |
| {color:green}+1{color} | {color:green} asflicense {color} | {color:green}  0m 10s{color} | {color:green} The patch does not generate ASF License warnings. {color} |
| {color:black}{color} | {color:black} {color} | {color:black} 44m 19s{color} | {color:black} {color} |
\\
\\
|| Subsystem || Report/Notes ||
| Docker | Client=17.05.0-ce Server=17.05.0-ce Image:yetus/hbase:b002b0b |
| JIRA Issue | HBASE-21279 |
| JIRA Patch URL | https://issues.apache.org/jira/secure/attachment/12944201/HBASE-21279.v01.patch |
| Optional Tests |  dupname  asflicense  javac  javadoc  unit  findbugs  shadedjars  hadoopcheck  hbaseanti  checkstyle  compile  rubocop  ruby_lint  |
| uname | Linux a8d5b65292f8 3.13.0-139-generic #188-Ubuntu SMP Tue Jan 9 14:43:09 UTC 2018 x86_64 GNU/Linux |
| Build tool | maven |
| Personality | /home/jenkins/jenkins-slave/workspace/PreCommit-HBASE-Build/component/dev-support/hbase-personality.sh |
| git revision | master / 821e4d7de2 |
| maven | version: Apache Maven 3.5.4 (1edded0938998edf8bf061f1ceb3cfdeccf443fe; 2018-06-17T18:33:14Z) |
| Default Java | 1.8.0_181 |
| rubocop | v0.59.2 |
| rubocop | https://builds.apache.org/job/PreCommit-HBASE-Build/14720/artifact/patchprocess/diff-patch-rubocop.txt |
| ruby-lint | v2.3.1 |
| ruby-lint | https://builds.apache.org/job/PreCommit-HBASE-Build/14720/artifact/patchprocess/diff-patch-ruby-lint.txt |
| whitespace | https://builds.apache.org/job/PreCommit-HBASE-Build/14720/artifact/patchprocess/whitespace-tabs.txt |
|  Test Results | https://builds.apache.org/job/PreCommit-HBASE-Build/14720/testReport/ |
| Max. process+thread count | 2149 (vs. ulimit of 10000) |
| modules | C: hbase-shell U: hbase-shell |
| Console output | https://builds.apache.org/job/PreCommit-HBASE-Build/14720/console |
| Powered by | Apache Yetus 0.8.0   http://yetus.apache.org |


This message was automatically generated.



[~yuzhihong@gmail.com] split the admin_test.rb based delete_test_table calls as create_test_table is not evenly distributed across the script. With .02 patch the following can be observed:
{code:java}
# master
time mvn test -Dtest=TestAdminShell -rf :hbase-shell

[INFO] Total time: 09:15 min
[INFO] Finished at: 2018-10-17T11:51:31-04:00
[INFO] ------------------------------------------------------------------------

real	9m16.152s
user	5m3.471s
sys	0m37.542s

# with patch
time mvn test -Dtest=TestAdminShell -rf :hbase-shell

[INFO] Total time: 05:10 min
[INFO] Finished at: 2018-10-17T11:58:54-04:00
[INFO] ------------------------------------------------------------------------

real	5m11.896s
user	4m42.509s
sys	0m28.630s

time mvn test -Dtest=TestAdminShell2 -rf :hbase-shell

[INFO] Total time: 03:29 min
[INFO] Finished at: 2018-10-17T12:03:42-04:00
[INFO] ------------------------------------------------------------------------

real	3m30.390s
user	3m58.885s
sys	0m21.751s{code}
Â 

With patch v2:
{{mvn test -Dtest=TestAdminShell* -rf :hbase-shell}}
I saw:
{code}
[INFO] Running org.apache.hadoop.hbase.client.TestAdminShell
[INFO] Tests run: 1, Failures: 0, Errors: 0, Skipped: 0, Time elapsed: 197.222 s - in org.apache.hadoop.hbase.client.TestAdminShell
[INFO] Running org.apache.hadoop.hbase.client.TestAdminShell2
[INFO] Tests run: 1, Failures: 0, Errors: 0, Skipped: 0, Time elapsed: 22.007 s - in org.apache.hadoop.hbase.client.TestAdminShell2
{code}
The runtime for TestAdminShell2 seems to be too short.

{code}
+      # Create test table if it does not exist
+      @test_name = "hbase_shell_tests_table"
+      drop_test_table(@test_name)
{code}
Can you change the name of test table to hbase_shell_tests_table2 or some similar name so that the test output carries distinctive table name compared to the output from TestAdminShell ?

[~yuzhihong@gmail.com] certainly, please see patch .03

In the current way of splitting tests, I don't see hbase_shell_tests_table2 being created in hbase-shell/target/surefire-reports/org.apache.hadoop.hbase.client.TestAdminShell2-output.txt

Can you double check ?

The goal is to make the two top level tests have similar runtime duration.

Thanks

| (x) *{color:red}-1 overall{color}* |
\\
\\
|| Vote || Subsystem || Runtime || Comment ||
| {color:blue}0{color} | {color:blue} reexec {color} | {color:blue}  0m 13s{color} | {color:blue} Docker mode activated. {color} |
|| || || || {color:brown} Prechecks {color} ||
| {color:green}+1{color} | {color:green} hbaseanti {color} | {color:green}  0m  0s{color} | {color:green} Patch does not have any anti-patterns. {color} |
| {color:green}+1{color} | {color:green} @author {color} | {color:green}  0m  0s{color} | {color:green} The patch does not contain any @author tags. {color} |
| {color:green}+1{color} | {color:green} test4tests {color} | {color:green}  0m  0s{color} | {color:green} The patch appears to include 3 new or modified test files. {color} |
|| || || || {color:brown} master Compile Tests {color} ||
| {color:green}+1{color} | {color:green} mvninstall {color} | {color:green}  4m 59s{color} | {color:green} master passed {color} |
| {color:green}+1{color} | {color:green} compile {color} | {color:green}  0m 21s{color} | {color:green} master passed {color} |
| {color:green}+1{color} | {color:green} checkstyle {color} | {color:green}  0m 10s{color} | {color:green} master passed {color} |
| {color:green}+1{color} | {color:green} shadedjars {color} | {color:green}  4m 14s{color} | {color:green} branch has no errors when building our shaded downstream artifacts. {color} |
| {color:green}+1{color} | {color:green} findbugs {color} | {color:green}  0m  0s{color} | {color:green} master passed {color} |
| {color:green}+1{color} | {color:green} javadoc {color} | {color:green}  0m 11s{color} | {color:green} master passed {color} |
|| || || || {color:brown} Patch Compile Tests {color} ||
| {color:green}+1{color} | {color:green} mvninstall {color} | {color:green}  5m  2s{color} | {color:green} the patch passed {color} |
| {color:green}+1{color} | {color:green} compile {color} | {color:green}  0m 21s{color} | {color:green} the patch passed {color} |
| {color:green}+1{color} | {color:green} javac {color} | {color:green}  0m 21s{color} | {color:green} the patch passed {color} |
| {color:green}+1{color} | {color:green} checkstyle {color} | {color:green}  0m 10s{color} | {color:green} the patch passed {color} |
| {color:red}-1{color} | {color:red} rubocop {color} | {color:red}  0m  7s{color} | {color:red} The patch generated 5 new + 123 unchanged - 179 fixed = 128 total (was 302) {color} |
| {color:orange}-0{color} | {color:orange} ruby-lint {color} | {color:orange}  0m 13s{color} | {color:orange} The patch generated 1 new + 274 unchanged - 328 fixed = 275 total (was 602) {color} |
| {color:red}-1{color} | {color:red} whitespace {color} | {color:red}  0m  0s{color} | {color:red} The patch 1 line(s) with tabs. {color} |
| {color:green}+1{color} | {color:green} shadedjars {color} | {color:green}  4m 14s{color} | {color:green} patch has no errors when building our shaded downstream artifacts. {color} |
| {color:green}+1{color} | {color:green} hadoopcheck {color} | {color:green} 11m 11s{color} | {color:green} Patch does not cause any errors with Hadoop 2.7.4 or 3.0.0. {color} |
| {color:green}+1{color} | {color:green} findbugs {color} | {color:green}  0m  0s{color} | {color:green} the patch passed {color} |
| {color:green}+1{color} | {color:green} javadoc {color} | {color:green}  0m 11s{color} | {color:green} the patch passed {color} |
|| || || || {color:brown} Other Tests {color} ||
| {color:green}+1{color} | {color:green} unit {color} | {color:green}  6m 57s{color} | {color:green} hbase-shell in the patch passed. {color} |
| {color:green}+1{color} | {color:green} asflicense {color} | {color:green}  0m  9s{color} | {color:green} The patch does not generate ASF License warnings. {color} |
| {color:black}{color} | {color:black} {color} | {color:black} 39m  4s{color} | {color:black} {color} |
\\
\\
|| Subsystem || Report/Notes ||
| Docker | Client=17.05.0-ce Server=17.05.0-ce Image:yetus/hbase:b002b0b |
| JIRA Issue | HBASE-21279 |
| JIRA Patch URL | https://issues.apache.org/jira/secure/attachment/12944360/HBASE-21279.v02.patch |
| Optional Tests |  dupname  asflicense  javac  javadoc  unit  findbugs  shadedjars  hadoopcheck  hbaseanti  checkstyle  compile  rubocop  ruby_lint  |
| uname | Linux 2ab0a1c64e2e 3.13.0-143-generic #192-Ubuntu SMP Tue Feb 27 10:45:36 UTC 2018 x86_64 GNU/Linux |
| Build tool | maven |
| Personality | /home/jenkins/jenkins-slave/workspace/PreCommit-HBASE-Build/component/dev-support/hbase-personality.sh |
| git revision | master / 8cc56bd18c |
| maven | version: Apache Maven 3.5.4 (1edded0938998edf8bf061f1ceb3cfdeccf443fe; 2018-06-17T18:33:14Z) |
| Default Java | 1.8.0_181 |
| rubocop | v0.59.2 |
| rubocop | https://builds.apache.org/job/PreCommit-HBASE-Build/14732/artifact/patchprocess/diff-patch-rubocop.txt |
| ruby-lint | v2.3.1 |
| ruby-lint | https://builds.apache.org/job/PreCommit-HBASE-Build/14732/artifact/patchprocess/diff-patch-ruby-lint.txt |
| whitespace | https://builds.apache.org/job/PreCommit-HBASE-Build/14732/artifact/patchprocess/whitespace-tabs.txt |
|  Test Results | https://builds.apache.org/job/PreCommit-HBASE-Build/14732/testReport/ |
| Max. process+thread count | 2195 (vs. ulimit of 10000) |
| modules | C: hbase-shell U: hbase-shell |
| Console output | https://builds.apache.org/job/PreCommit-HBASE-Build/14732/console |
| Powered by | Apache Yetus 0.8.0   http://yetus.apache.org |


This message was automatically generated.



| (x) *{color:red}-1 overall{color}* |
\\
\\
|| Vote || Subsystem || Runtime || Comment ||
| {color:blue}0{color} | {color:blue} reexec {color} | {color:blue}  0m 11s{color} | {color:blue} Docker mode activated. {color} |
|| || || || {color:brown} Prechecks {color} ||
| {color:green}+1{color} | {color:green} hbaseanti {color} | {color:green}  0m  0s{color} | {color:green} Patch does not have any anti-patterns. {color} |
| {color:green}+1{color} | {color:green} @author {color} | {color:green}  0m  0s{color} | {color:green} The patch does not contain any @author tags. {color} |
| {color:green}+1{color} | {color:green} test4tests {color} | {color:green}  0m  0s{color} | {color:green} The patch appears to include 3 new or modified test files. {color} |
|| || || || {color:brown} master Compile Tests {color} ||
| {color:green}+1{color} | {color:green} mvninstall {color} | {color:green}  5m 48s{color} | {color:green} master passed {color} |
| {color:green}+1{color} | {color:green} compile {color} | {color:green}  0m 25s{color} | {color:green} master passed {color} |
| {color:green}+1{color} | {color:green} checkstyle {color} | {color:green}  0m 12s{color} | {color:green} master passed {color} |
| {color:green}+1{color} | {color:green} shadedjars {color} | {color:green}  4m 23s{color} | {color:green} branch has no errors when building our shaded downstream artifacts. {color} |
| {color:green}+1{color} | {color:green} findbugs {color} | {color:green}  0m  0s{color} | {color:green} master passed {color} |
| {color:green}+1{color} | {color:green} javadoc {color} | {color:green}  0m 11s{color} | {color:green} master passed {color} |
|| || || || {color:brown} Patch Compile Tests {color} ||
| {color:green}+1{color} | {color:green} mvninstall {color} | {color:green}  5m 19s{color} | {color:green} the patch passed {color} |
| {color:green}+1{color} | {color:green} compile {color} | {color:green}  0m 21s{color} | {color:green} the patch passed {color} |
| {color:green}+1{color} | {color:green} javac {color} | {color:green}  0m 21s{color} | {color:green} the patch passed {color} |
| {color:green}+1{color} | {color:green} checkstyle {color} | {color:green}  0m 10s{color} | {color:green} the patch passed {color} |
| {color:red}-1{color} | {color:red} rubocop {color} | {color:red}  0m  7s{color} | {color:red} The patch generated 5 new + 123 unchanged - 179 fixed = 128 total (was 302) {color} |
| {color:orange}-0{color} | {color:orange} ruby-lint {color} | {color:orange}  0m 14s{color} | {color:orange} The patch generated 1 new + 274 unchanged - 328 fixed = 275 total (was 602) {color} |
| {color:red}-1{color} | {color:red} whitespace {color} | {color:red}  0m  0s{color} | {color:red} The patch 1 line(s) with tabs. {color} |
| {color:green}+1{color} | {color:green} shadedjars {color} | {color:green}  4m 15s{color} | {color:green} patch has no errors when building our shaded downstream artifacts. {color} |
| {color:green}+1{color} | {color:green} hadoopcheck {color} | {color:green} 10m 39s{color} | {color:green} Patch does not cause any errors with Hadoop 2.7.4 or 3.0.0. {color} |
| {color:green}+1{color} | {color:green} findbugs {color} | {color:green}  0m  0s{color} | {color:green} the patch passed {color} |
| {color:green}+1{color} | {color:green} javadoc {color} | {color:green}  0m 11s{color} | {color:green} the patch passed {color} |
|| || || || {color:brown} Other Tests {color} ||
| {color:green}+1{color} | {color:green} unit {color} | {color:green}  6m 46s{color} | {color:green} hbase-shell in the patch passed. {color} |
| {color:green}+1{color} | {color:green} asflicense {color} | {color:green}  0m 11s{color} | {color:green} The patch does not generate ASF License warnings. {color} |
| {color:black}{color} | {color:black} {color} | {color:black} 39m 46s{color} | {color:black} {color} |
\\
\\
|| Subsystem || Report/Notes ||
| Docker | Client=17.05.0-ce Server=17.05.0-ce Image:yetus/hbase:b002b0b |
| JIRA Issue | HBASE-21279 |
| JIRA Patch URL | https://issues.apache.org/jira/secure/attachment/12944364/HBASE-21279.v03.patch |
| Optional Tests |  dupname  asflicense  javac  javadoc  unit  findbugs  shadedjars  hadoopcheck  hbaseanti  checkstyle  compile  rubocop  ruby_lint  |
| uname | Linux 3f30939a8db9 3.13.0-143-generic #192-Ubuntu SMP Tue Feb 27 10:45:36 UTC 2018 x86_64 GNU/Linux |
| Build tool | maven |
| Personality | /home/jenkins/jenkins-slave/workspace/PreCommit-HBASE-Build@2/component/dev-support/hbase-personality.sh |
| git revision | master / 8cc56bd18c |
| maven | version: Apache Maven 3.5.4 (1edded0938998edf8bf061f1ceb3cfdeccf443fe; 2018-06-17T18:33:14Z) |
| Default Java | 1.8.0_181 |
| rubocop | v0.59.2 |
| rubocop | https://builds.apache.org/job/PreCommit-HBASE-Build/14733/artifact/patchprocess/diff-patch-rubocop.txt |
| ruby-lint | v2.3.1 |
| ruby-lint | https://builds.apache.org/job/PreCommit-HBASE-Build/14733/artifact/patchprocess/diff-patch-ruby-lint.txt |
| whitespace | https://builds.apache.org/job/PreCommit-HBASE-Build/14733/artifact/patchprocess/whitespace-tabs.txt |
|  Test Results | https://builds.apache.org/job/PreCommit-HBASE-Build/14733/testReport/ |
| Max. process+thread count | 2108 (vs. ulimit of 10000) |
| modules | C: hbase-shell U: hbase-shell |
| Console output | https://builds.apache.org/job/PreCommit-HBASE-Build/14733/console |
| Powered by | Apache Yetus 0.8.0   http://yetus.apache.org |


This message was automatically generated.



[~yuzhihong@gmail.com] addressed all your comments, duration is more or less split even now
{code:java}
[INFO] Running org.apache.hadoop.hbase.client.TestAdminShell
[INFO] Tests run: 1, Failures: 0, Errors: 0, Skipped: 0, Time elapsed: 216.568 s - in org.apache.hadoop.hbase.client.TestAdminShell
[INFO] Running org.apache.hadoop.hbase.client.TestAdminShell2
[INFO] Tests run: 1, Failures: 0, Errors: 0, Skipped: 0, Time elapsed: 162.588 s - in org.apache.hadoop.hbase.client.TestAdminShell2{code}
The table in admin2_test.rb is named after the script as well
{code:java}
create 'hbase_shell_admin2_test_table'{code}
please review

| (x) *{color:red}-1 overall{color}* |
\\
\\
|| Vote || Subsystem || Runtime || Comment ||
| {color:blue}0{color} | {color:blue} reexec {color} | {color:blue}  0m 12s{color} | {color:blue} Docker mode activated. {color} |
|| || || || {color:brown} Prechecks {color} ||
| {color:green}+1{color} | {color:green} hbaseanti {color} | {color:green}  0m  0s{color} | {color:green} Patch does not have any anti-patterns. {color} |
| {color:green}+1{color} | {color:green} @author {color} | {color:green}  0m  0s{color} | {color:green} The patch does not contain any @author tags. {color} |
| {color:green}+1{color} | {color:green} test4tests {color} | {color:green}  0m  0s{color} | {color:green} The patch appears to include 3 new or modified test files. {color} |
|| || || || {color:brown} master Compile Tests {color} ||
| {color:green}+1{color} | {color:green} mvninstall {color} | {color:green}  5m 50s{color} | {color:green} master passed {color} |
| {color:green}+1{color} | {color:green} compile {color} | {color:green}  0m 31s{color} | {color:green} master passed {color} |
| {color:green}+1{color} | {color:green} checkstyle {color} | {color:green}  0m 18s{color} | {color:green} master passed {color} |
| {color:green}+1{color} | {color:green} shadedjars {color} | {color:green}  5m 40s{color} | {color:green} branch has no errors when building our shaded downstream artifacts. {color} |
| {color:green}+1{color} | {color:green} findbugs {color} | {color:green}  0m  0s{color} | {color:green} master passed {color} |
| {color:green}+1{color} | {color:green} javadoc {color} | {color:green}  0m 27s{color} | {color:green} master passed {color} |
|| || || || {color:brown} Patch Compile Tests {color} ||
| {color:green}+1{color} | {color:green} mvninstall {color} | {color:green}  8m 56s{color} | {color:green} the patch passed {color} |
| {color:green}+1{color} | {color:green} compile {color} | {color:green}  0m 53s{color} | {color:green} the patch passed {color} |
| {color:green}+1{color} | {color:green} javac {color} | {color:green}  0m 53s{color} | {color:green} the patch passed {color} |
| {color:green}+1{color} | {color:green} checkstyle {color} | {color:green}  0m 34s{color} | {color:green} the patch passed {color} |
| {color:red}-1{color} | {color:red} rubocop {color} | {color:red}  0m 10s{color} | {color:red} The patch generated 82 new + 221 unchanged - 81 fixed = 303 total (was 302) {color} |
| {color:orange}-0{color} | {color:orange} ruby-lint {color} | {color:orange}  0m 24s{color} | {color:orange} The patch generated 185 new + 418 unchanged - 184 fixed = 603 total (was 602) {color} |
| {color:red}-1{color} | {color:red} whitespace {color} | {color:red}  0m  0s{color} | {color:red} The patch 1 line(s) with tabs. {color} |
| {color:green}+1{color} | {color:green} shadedjars {color} | {color:green}  6m 58s{color} | {color:green} patch has no errors when building our shaded downstream artifacts. {color} |
| {color:green}+1{color} | {color:green} hadoopcheck {color} | {color:green} 18m 29s{color} | {color:green} Patch does not cause any errors with Hadoop 2.7.4 or 3.0.0. {color} |
| {color:green}+1{color} | {color:green} findbugs {color} | {color:green}  0m  0s{color} | {color:green} the patch passed {color} |
| {color:green}+1{color} | {color:green} javadoc {color} | {color:green}  0m 32s{color} | {color:green} the patch passed {color} |
|| || || || {color:brown} Other Tests {color} ||
| {color:green}+1{color} | {color:green} unit {color} | {color:green}  8m  9s{color} | {color:green} hbase-shell in the patch passed. {color} |
| {color:green}+1{color} | {color:green} asflicense {color} | {color:green}  0m 34s{color} | {color:green} The patch does not generate ASF License warnings. {color} |
| {color:black}{color} | {color:black} {color} | {color:black} 59m 24s{color} | {color:black} {color} |
\\
\\
|| Subsystem || Report/Notes ||
| Docker | Client=17.05.0-ce Server=17.05.0-ce Image:yetus/hbase:b002b0b |
| JIRA Issue | HBASE-21279 |
| JIRA Patch URL | https://issues.apache.org/jira/secure/attachment/12944400/HBASE-21279.v04.patch |
| Optional Tests |  dupname  asflicense  javac  javadoc  unit  findbugs  shadedjars  hadoopcheck  hbaseanti  checkstyle  compile  rubocop  ruby_lint  |
| uname | Linux 9d8bdf28cdf4 3.13.0-143-generic #192-Ubuntu SMP Tue Feb 27 10:45:36 UTC 2018 x86_64 GNU/Linux |
| Build tool | maven |
| Personality | /home/jenkins/jenkins-slave/workspace/PreCommit-HBASE-Build/component/dev-support/hbase-personality.sh |
| git revision | master / 8cb28ce4b9 |
| maven | version: Apache Maven 3.5.4 (1edded0938998edf8bf061f1ceb3cfdeccf443fe; 2018-06-17T18:33:14Z) |
| Default Java | 1.8.0_181 |
| rubocop | v0.59.2 |
| rubocop | https://builds.apache.org/job/PreCommit-HBASE-Build/14734/artifact/patchprocess/diff-patch-rubocop.txt |
| ruby-lint | v2.3.1 |
| ruby-lint | https://builds.apache.org/job/PreCommit-HBASE-Build/14734/artifact/patchprocess/diff-patch-ruby-lint.txt |
| whitespace | https://builds.apache.org/job/PreCommit-HBASE-Build/14734/artifact/patchprocess/whitespace-tabs.txt |
|  Test Results | https://builds.apache.org/job/PreCommit-HBASE-Build/14734/testReport/ |
| Max. process+thread count | 2488 (vs. ulimit of 10000) |
| modules | C: hbase-shell U: hbase-shell |
| Console output | https://builds.apache.org/job/PreCommit-HBASE-Build/14734/console |
| Powered by | Apache Yetus 0.8.0   http://yetus.apache.org |


This message was automatically generated.



v. 05 patch removes a tab character that was inherited from earlier script

https://github.com/apache/hbase/blob/master/hbase-shell/src/test/ruby/hbase/admin_test.rb#L690

| (x) *{color:red}-1 overall{color}* |
\\
\\
|| Vote || Subsystem || Runtime || Comment ||
| {color:blue}0{color} | {color:blue} reexec {color} | {color:blue}  0m 10s{color} | {color:blue} Docker mode activated. {color} |
|| || || || {color:brown} Prechecks {color} ||
| {color:green}+1{color} | {color:green} hbaseanti {color} | {color:green}  0m  0s{color} | {color:green} Patch does not have any anti-patterns. {color} |
| {color:green}+1{color} | {color:green} @author {color} | {color:green}  0m  0s{color} | {color:green} The patch does not contain any @author tags. {color} |
| {color:green}+1{color} | {color:green} test4tests {color} | {color:green}  0m  0s{color} | {color:green} The patch appears to include 3 new or modified test files. {color} |
|| || || || {color:brown} master Compile Tests {color} ||
| {color:green}+1{color} | {color:green} mvninstall {color} | {color:green}  5m 15s{color} | {color:green} master passed {color} |
| {color:green}+1{color} | {color:green} compile {color} | {color:green}  0m 23s{color} | {color:green} master passed {color} |
| {color:green}+1{color} | {color:green} checkstyle {color} | {color:green}  0m 13s{color} | {color:green} master passed {color} |
| {color:green}+1{color} | {color:green} shadedjars {color} | {color:green}  4m 34s{color} | {color:green} branch has no errors when building our shaded downstream artifacts. {color} |
| {color:green}+1{color} | {color:green} findbugs {color} | {color:green}  0m  0s{color} | {color:green} master passed {color} |
| {color:green}+1{color} | {color:green} javadoc {color} | {color:green}  0m 11s{color} | {color:green} master passed {color} |
|| || || || {color:brown} Patch Compile Tests {color} ||
| {color:green}+1{color} | {color:green} mvninstall {color} | {color:green}  6m 23s{color} | {color:green} the patch passed {color} |
| {color:green}+1{color} | {color:green} compile {color} | {color:green}  0m 52s{color} | {color:green} the patch passed {color} |
| {color:green}+1{color} | {color:green} javac {color} | {color:green}  0m 52s{color} | {color:green} the patch passed {color} |
| {color:green}+1{color} | {color:green} checkstyle {color} | {color:green}  0m 31s{color} | {color:green} the patch passed {color} |
| {color:red}-1{color} | {color:red} rubocop {color} | {color:red}  0m 11s{color} | {color:red} The patch generated 79 new + 221 unchanged - 81 fixed = 300 total (was 302) {color} |
| {color:orange}-0{color} | {color:orange} ruby-lint {color} | {color:orange}  0m 23s{color} | {color:orange} The patch generated 185 new + 418 unchanged - 184 fixed = 603 total (was 602) {color} |
| {color:green}+1{color} | {color:green} whitespace {color} | {color:green}  0m  0s{color} | {color:green} The patch has no whitespace issues. {color} |
| {color:green}+1{color} | {color:green} shadedjars {color} | {color:green}  6m 42s{color} | {color:green} patch has no errors when building our shaded downstream artifacts. {color} |
| {color:green}+1{color} | {color:green} hadoopcheck {color} | {color:green} 17m 57s{color} | {color:green} Patch does not cause any errors with Hadoop 2.7.4 or 3.0.0. {color} |
| {color:green}+1{color} | {color:green} findbugs {color} | {color:green}  0m  0s{color} | {color:green} the patch passed {color} |
| {color:green}+1{color} | {color:green} javadoc {color} | {color:green}  0m 32s{color} | {color:green} the patch passed {color} |
|| || || || {color:brown} Other Tests {color} ||
| {color:green}+1{color} | {color:green} unit {color} | {color:green}  8m  1s{color} | {color:green} hbase-shell in the patch passed. {color} |
| {color:green}+1{color} | {color:green} asflicense {color} | {color:green}  0m 30s{color} | {color:green} The patch does not generate ASF License warnings. {color} |
| {color:black}{color} | {color:black} {color} | {color:black} 53m  9s{color} | {color:black} {color} |
\\
\\
|| Subsystem || Report/Notes ||
| Docker | Client=17.05.0-ce Server=17.05.0-ce Image:yetus/hbase:b002b0b |
| JIRA Issue | HBASE-21279 |
| JIRA Patch URL | https://issues.apache.org/jira/secure/attachment/12944416/HBASE-21279.v05.patch |
| Optional Tests |  dupname  asflicense  javac  javadoc  unit  findbugs  shadedjars  hadoopcheck  hbaseanti  checkstyle  compile  rubocop  ruby_lint  |
| uname | Linux 16698f63d6a8 3.13.0-143-generic #192-Ubuntu SMP Tue Feb 27 10:45:36 UTC 2018 x86_64 GNU/Linux |
| Build tool | maven |
| Personality | /home/jenkins/jenkins-slave/workspace/PreCommit-HBASE-Build/component/dev-support/hbase-personality.sh |
| git revision | master / 8cb28ce4b9 |
| maven | version: Apache Maven 3.5.4 (1edded0938998edf8bf061f1ceb3cfdeccf443fe; 2018-06-17T18:33:14Z) |
| Default Java | 1.8.0_181 |
| rubocop | v0.59.2 |
| rubocop | https://builds.apache.org/job/PreCommit-HBASE-Build/14735/artifact/patchprocess/diff-patch-rubocop.txt |
| ruby-lint | v2.3.1 |
| ruby-lint | https://builds.apache.org/job/PreCommit-HBASE-Build/14735/artifact/patchprocess/diff-patch-ruby-lint.txt |
|  Test Results | https://builds.apache.org/job/PreCommit-HBASE-Build/14735/testReport/ |
| Max. process+thread count | 2419 (vs. ulimit of 10000) |
| modules | C: hbase-shell U: hbase-shell |
| Console output | https://builds.apache.org/job/PreCommit-HBASE-Build/14735/console |
| Powered by | Apache Yetus 0.8.0   http://yetus.apache.org |


This message was automatically generated.



Thanks for the patch, Artem.

Results for branch master
	[build #553 on builds.a.o|https://builds.apache.org/job/HBase%20Nightly/job/master/553/]: (x) *{color:red}-1 overall{color}*
----
details (if available):

(/) {color:green}+1 general checks{color}
-- For more information [see general report|https://builds.apache.org/job/HBase%20Nightly/job/master/553//General_Nightly_Build_Report/]




(x) {color:red}-1 jdk8 hadoop2 checks{color}
-- For more information [see jdk8 (hadoop2) report|https://builds.apache.org/job/HBase%20Nightly/job/master/553//JDK8_Nightly_Build_Report_(Hadoop2)/]


(x) {color:red}-1 jdk8 hadoop3 checks{color}
-- For more information [see jdk8 (hadoop3) report|https://builds.apache.org/job/HBase%20Nightly/job/master/553//JDK8_Nightly_Build_Report_(Hadoop3)/]


(/) {color:green}+1 source release artifact{color}
-- See build output for details.


(/) {color:green}+1 client integration test{color}


Results for branch branch-2
	[build #1631 on builds.a.o|https://builds.apache.org/job/HBase%20Nightly/job/branch-2/1631/]: (x) *{color:red}-1 overall{color}*
----
details (if available):

(/) {color:green}+1 general checks{color}
-- For more information [see general report|https://builds.apache.org/job/HBase%20Nightly/job/branch-2/1631//General_Nightly_Build_Report/]




(x) {color:red}-1 jdk8 hadoop2 checks{color}
-- For more information [see jdk8 (hadoop2) report|https://builds.apache.org/job/HBase%20Nightly/job/branch-2/1631//JDK8_Nightly_Build_Report_(Hadoop2)/]


(/) {color:green}+1 jdk8 hadoop3 checks{color}
-- For more information [see jdk8 (hadoop3) report|https://builds.apache.org/job/HBase%20Nightly/job/branch-2/1631//JDK8_Nightly_Build_Report_(Hadoop3)/]


(/) {color:green}+1 source release artifact{color}
-- See build output for details.


(/) {color:green}+1 client integration test{color}


