Is this platform specific?

I get 10/10 success on Linux, current master:

 
{quote}for run in \{1..10}; do mvn -DfailIfNoTests=false -Dtest=GridServiceProcessorMultiNodeConfigSelfTest#testDeployOnEachNodeUpdateTopology test; done > /tmp/out 2> /dev/null && grep "Tests run: 1" /tmp/out|grep org.apache.ignite.internal.processors.service.GridServiceProcessorMultiNodeConfigSelfTest

[INFO] Tests run: 1, Failures: 0, Errors: 0, Skipped: 0, Time elapsed: 4.849 s - in org.apache.ignite.internal.processors.service.GridServiceProcessorMultiNodeConfigSelfTest
 [INFO] Tests run: 1, Failures: 0, Errors: 0, Skipped: 0, Time elapsed: 4.649 s - in org.apache.ignite.internal.processors.service.GridServiceProcessorMultiNodeConfigSelfTest
 [INFO] Tests run: 1, Failures: 0, Errors: 0, Skipped: 0, Time elapsed: 5.028 s - in org.apache.ignite.internal.processors.service.GridServiceProcessorMultiNodeConfigSelfTest
 [INFO] Tests run: 1, Failures: 0, Errors: 0, Skipped: 0, Time elapsed: 4.828 s - in org.apache.ignite.internal.processors.service.GridServiceProcessorMultiNodeConfigSelfTest
 [INFO] Tests run: 1, Failures: 0, Errors: 0, Skipped: 0, Time elapsed: 4.657 s - in org.apache.ignite.internal.processors.service.GridServiceProcessorMultiNodeConfigSelfTest
 [INFO] Tests run: 1, Failures: 0, Errors: 0, Skipped: 0, Time elapsed: 4.861 s - in org.apache.ignite.internal.processors.service.GridServiceProcessorMultiNodeConfigSelfTest
 [INFO] Tests run: 1, Failures: 0, Errors: 0, Skipped: 0, Time elapsed: 4.796 s - in org.apache.ignite.internal.processors.service.GridServiceProcessorMultiNodeConfigSelfTest
 [INFO] Tests run: 1, Failures: 0, Errors: 0, Skipped: 0, Time elapsed: 4.97 s - in org.apache.ignite.internal.processors.service.GridServiceProcessorMultiNodeConfigSelfTest
 [INFO] Tests run: 1, Failures: 0, Errors: 0, Skipped: 0, Time elapsed: 4.903 s - in org.apache.ignite.internal.processors.service.GridServiceProcessorMultiNodeConfigSelfTest
 [INFO] Tests run: 1, Failures: 0, Errors: 0, Skipped: 0, Time elapsed: 5.106 s - in org.apache.ignite.internal.processors.service.GridServiceProcessorMultiNodeConfigSelfTest
{quote}

Failing tests are related to messaging layer. All failing tests have "connect timed out" and "failed to send event notification" messages, so we get larger set of ServiceDescriptors for nodes, than there are actual nodes and topology does not get updated for all "Node left topology" events

 
{quote}[2018-05-12 16:55:54,072][ERROR][utility-#20468%service.GridServiceProcessorMultiNodeConfigSelfTest2%|#20468%service.GridServiceProcessorMultiNodeConfigSelfTest2%][query] Failed to send event notification to node: cd8be305-ed5c-4f38-baad-648172900006
 class org.apache.ignite.IgniteCheckedException: Failed to send message (node may have left the grid or TCP connection cannot be established due to firewall issues) [node=TcpDiscoveryNode [id=cd8be305-ed5c-4f38-baad-648172900006, addrs=[127.0.0.1, 192.168.3.235, 192.168.43.79], sockAddrs=[/127.0.0.1:0, /192.168.3.235:0, /192.168.43.79:0], discPort=0, order=31, intOrder=19, lastExchangeTime=1526133351915, loc=false, ver=2.4.0#19700101-sha1:00000000, isClient=true], topic=T4 [topic=TOPIC_CACHE, id1=5dc785b4-dd3d-3c3b-b270-c5fe2d7ed9a2, id2=cd8be305-ed5c-4f38-baad-648172900006, id3=1], msg=GridContinuousMessage [type=MSG_EVT_NOTIFICATION, routineId=a1034d59-1476-4e44-8811-d498b65f450c, data=null, futId=null], policy=2]
 at org.apache.ignite.internal.managers.communication.GridIoManager.send(GridIoManager.java:1650) 
{quote}
 

 

GitHub user andrewmed opened a pull request:

    https://github.com/apache/ignite/pull/3988

    IGNITE-5965 fix Flaky failure of GridServiceProcessorMultiNodeConfigS…

    Test fixed by decreasing connection timeout. Now GridServiceProcessorMultiNodeConfigSelfTest.testDeployOnEachNodeUpdateTopology that should have failed earlier because of topology not being updated on nodes exit (cause of failures), succeeds but runs > 10 sec. This fix gives 200/200 success rate, but I am not really sure if the approach is right. Needs reviewing

You can merge this pull request into a Git repository by running:

    $ git pull https://github.com/andrewmed/ignite IGNITE-5965

Alternatively you can review and apply these changes as the patch at:

    https://github.com/apache/ignite/pull/3988.patch

To close this pull request, make a commit to your master/trunk branch
with (at least) the following in the commit message:

    This closes #3988
    
----
commit 82cf7f21c6532c6d4daa586e77a914b7049ac13a
Author: AMedvedev <amedvedev@...>
Date:   2018-05-12T21:02:16Z

    IGNITE-5965 fix Flaky failure of GridServiceProcessorMultiNodeConfigSelfTest.testDeployOnEachNodeUpdateTopology

----


PR https://github.com/apache/ignite/pull/3988

[~andmed], thanks for investigating this!
Fix is merged to master.

Github user asfgit closed the pull request at:

    https://github.com/apache/ignite/pull/3988


